2025-07-30 20:04:48,898 - __main__ - INFO - Starting comprehensive technical analysis demo...
2025-07-30 20:04:48,898 - __main__ - INFO - ============================================================
2025-07-30 20:04:48,899 - __main__ - INFO - DEMO: Data Loading
2025-07-30 20:04:48,899 - __main__ - INFO - ============================================================
2025-07-30 20:04:48,951 - __main__ - INFO - Loaded data: (5000, 6)
2025-07-30 20:04:48,951 - __main__ - INFO - Date range: 2023-01-01 00:00:00 to 2023-01-04 11:19:00
2025-07-30 20:04:48,951 - __main__ - INFO - Columns: ['timestamp', 'open', 'high', 'low', 'close', 'volume']
2025-07-30 20:04:48,951 - __main__ - INFO - ============================================================
2025-07-30 20:04:48,951 - __main__ - INFO - DEMO: Technical Indicators
2025-07-30 20:04:48,955 - __main__ - INFO - ============================================================
2025-07-30 20:04:48,962 - src.indicators - INFO - Calculating all technical indicators
2025-07-30 20:04:49,709 - src.indicators - INFO - Calculated 53 technical indicators
2025-07-30 20:04:49,709 - __main__ - INFO - Original data shape: (5000, 6)
2025-07-30 20:04:49,711 - __main__ - INFO - Data with indicators shape: (5000, 59)
2025-07-30 20:04:49,711 - __main__ - INFO - New indicator columns: ['sma_50', 'sma_200', 'ema_12', 'ema_26', 'ema_50', 'ema_200', 'macd_macd', 'macd_signal', 'macd_histogram', 'rsi', 'stoch_k_percent', 'stoch_d_percent', 'bb_upper', 'bb_middle', 'bb_lower', 'bb_bandwidth', 'bb_percent_b', 'parabolic_sar', 'ichimoku_tenkan_sen', 'ichimoku_kijun_sen', 'ichimoku_senkou_span_a', 'ichimoku_senkou_span_b', 'ichimoku_chikou_span', 'atr', 'cci', 'roc', 'williams_r', 'keltner_upper', 'keltner_middle', 'keltner_lower', 'keltner_width', 'supertrend_supertrend', 'supertrend_direction', 'dpo', 'trix_trix', 'trix_signal', 'momentum', 'adx_adx', 'adx_plus_di', 'adx_minus_di', 'obv', 'mfi', 'ad_line', 'chaikin_money_flow', 'vwap', 'chaikin_oscillator', 'eom_emv', 'eom_emv_sma', 'force_index', 'volume_roc', 'nvi', 'mfv', 'close_std']
2025-07-30 20:04:49,711 - __main__ - INFO - rsi: 100.0000
2025-07-30 20:04:49,711 - __main__ - INFO - macd_macd: 131082651926848304541532415964122523476472720123189519247272058386483014457194560582934632766005510695131545600.0000
2025-07-30 20:04:49,711 - __main__ - INFO - bb_upper: 630438948307666103697423698754594547561716313345223920548628292028276810677278805443202472903092294983150993408.0000
2025-07-30 20:04:49,711 - __main__ - INFO - stoch_k_percent: 99.9591
2025-07-30 20:04:49,711 - __main__ - INFO - adx_adx: 11.7284
2025-07-30 20:04:49,711 - __main__ - INFO - ============================================================
2025-07-30 20:04:49,711 - __main__ - INFO - DEMO: Feature Engineering
2025-07-30 20:04:49,711 - __main__ - INFO - ============================================================
2025-07-30 20:04:49,721 - __main__ - INFO - ============================================================
2025-07-30 20:04:49,721 - __main__ - INFO - DEMO: Feature Engineering
2025-07-30 20:04:49,721 - __main__ - INFO - ============================================================
2025-07-30 20:04:49,733 - src.features - INFO - Building feature matrix
2025-07-30 20:04:49,733 - src.indicators - INFO - Calculating all technical indicators
2025-07-30 20:04:50,617 - src.indicators - INFO - Calculated 81 technical indicators
2025-07-30 20:04:50,630 - src.features - INFO - Remaining rows: 5000
2025-07-30 20:04:50,631 - src.features - INFO - Adding regime flags
2025-07-30 20:04:50,631 - src.features - INFO - Adding regime flags
2025-07-30 20:04:50,633 - __main__ - ERROR - Feature engineering failed: Cannot set a DataFrame with multiple columns to the single column adx_strong_trend
2025-07-30 20:04:50,634 - __main__ - INFO - Original data shape: (5000, 59)
2025-07-30 20:04:50,634 - __main__ - ERROR - Feature engineering failed: 'NoneType' object has no attribute 'shape'
2025-07-30 20:04:50,634 - __main__ - ERROR - Demo failed at feature engineering step
2025-07-30 20:05:33,697 - __main__ - INFO - Starting comprehensive technical analysis demo...
2025-07-30 20:05:33,697 - __main__ - INFO - ============================================================
2025-07-30 20:05:33,697 - __main__ - INFO - DEMO: Data Loading
2025-07-30 20:05:33,697 - __main__ - INFO - ============================================================
2025-07-30 20:05:33,748 - __main__ - INFO - Loaded data: (5000, 6)
2025-07-30 20:05:33,749 - __main__ - INFO - Date range: 2023-01-01 00:00:00 to 2023-01-04 11:19:00
2025-07-30 20:05:33,749 - __main__ - INFO - Columns: ['timestamp', 'open', 'high', 'low', 'close', 'volume']
2025-07-30 20:05:33,750 - __main__ - INFO - ============================================================
2025-07-30 20:05:33,750 - __main__ - INFO - DEMO: Technical Indicators
2025-07-30 20:05:33,750 - __main__ - INFO - ============================================================
2025-07-30 20:05:33,759 - src.indicators - INFO - Calculating all technical indicators
2025-07-30 20:05:34,456 - src.indicators - INFO - Calculated 53 technical indicators
2025-07-30 20:05:34,456 - __main__ - INFO - Original data shape: (5000, 6)
2025-07-30 20:05:34,456 - __main__ - INFO - Data with indicators shape: (5000, 59)
2025-07-30 20:05:34,456 - __main__ - INFO - New indicator columns: ['sma_50', 'sma_200', 'ema_12', 'ema_26', 'ema_50', 'ema_200', 'macd_macd', 'macd_signal', 'macd_histogram', 'rsi', 'stoch_k_percent', 'stoch_d_percent', 'bb_upper', 'bb_middle', 'bb_lower', 'bb_bandwidth', 'bb_percent_b', 'parabolic_sar', 'ichimoku_tenkan_sen', 'ichimoku_kijun_sen', 'ichimoku_senkou_span_a', 'ichimoku_senkou_span_b', 'ichimoku_chikou_span', 'atr', 'cci', 'roc', 'williams_r', 'keltner_upper', 'keltner_middle', 'keltner_lower', 'keltner_width', 'supertrend_supertrend', 'supertrend_direction', 'dpo', 'trix_trix', 'trix_signal', 'momentum', 'adx_adx', 'adx_plus_di', 'adx_minus_di', 'obv', 'mfi', 'ad_line', 'chaikin_money_flow', 'vwap', 'chaikin_oscillator', 'eom_emv', 'eom_emv_sma', 'force_index', 'volume_roc', 'nvi', 'mfv', 'close_std']
2025-07-30 20:05:34,456 - __main__ - INFO - rsi: 100.0000
2025-07-30 20:05:34,456 - __main__ - INFO - macd_macd: 131082651926848304541532415964122523476472720123189519247272058386483014457194560582934632766005510695131545600.0000
2025-07-30 20:05:34,456 - __main__ - INFO - bb_upper: 630438948307666103697423698754594547561716313345223920548628292028276810677278805443202472903092294983150993408.0000
2025-07-30 20:05:34,456 - __main__ - INFO - stoch_k_percent: 99.9591
2025-07-30 20:05:34,456 - __main__ - INFO - adx_adx: 11.7284
2025-07-30 20:05:34,456 - __main__ - INFO - ============================================================
2025-07-30 20:05:34,456 - __main__ - INFO - DEMO: Feature Engineering
2025-07-30 20:05:34,456 - __main__ - INFO - ============================================================
2025-07-30 20:05:34,479 - __main__ - INFO - ============================================================
2025-07-30 20:05:34,479 - __main__ - INFO - DEMO: Feature Engineering
2025-07-30 20:05:34,479 - __main__ - INFO - ============================================================
2025-07-30 20:05:34,489 - src.features - INFO - Building feature matrix
2025-07-30 20:05:34,489 - src.indicators - INFO - Calculating all technical indicators
2025-07-30 20:05:35,269 - src.indicators - INFO - Calculated 81 technical indicators
2025-07-30 20:05:35,279 - src.features - INFO - Remaining rows: 5000
2025-07-30 20:05:35,279 - src.features - INFO - Adding regime flags
2025-07-30 20:05:35,279 - src.features - INFO - Adding regime flags
2025-07-30 20:05:35,281 - __main__ - ERROR - Feature engineering failed: Cannot set a DataFrame with multiple columns to the single column adx_strong_trend
2025-07-30 20:05:35,282 - __main__ - INFO - Original data shape: (5000, 59)
2025-07-30 20:05:35,282 - __main__ - ERROR - Feature engineering failed: 'NoneType' object has no attribute 'shape'
2025-07-30 20:05:35,282 - __main__ - ERROR - Demo failed at feature engineering step
