2025-07-30 22:01:43,743 - src.data - INFO - Loaded bronze data: (5000, 6)
2025-07-30 22:01:43,755 - src.indicators - INFO - Calculating all technical indicators
2025-07-30 22:01:44,411 - src.indicators - INFO - Calculated 53 technical indicators
2025-07-30 22:01:44,425 - src.features - INFO - Building feature matrix
2025-07-30 22:01:44,433 - src.features - INFO - Remaining rows: 5000
2025-07-30 22:01:44,433 - src.features - INFO - Adding regime flags
2025-07-30 22:01:44,434 - src.features - INFO - Adding regime flags
2025-07-30 22:01:44,443 - src.features - INFO - Added 19 regime flags
2025-07-30 22:01:44,445 - src.features - INFO - Adding lagged features
2025-07-30 22:01:44,445 - src.features - INFO - Adding lagged features
2025-07-30 22:01:44,454 - src.features - INFO - Added 44 lagged features
2025-07-30 22:01:44,457 - src.features - INFO - Adding rolling z-scores
2025-07-30 22:01:44,457 - src.features - INFO - Adding rolling z-scores
2025-07-30 22:01:44,471 - src.features - INFO - Added 12 rolling z-scores
2025-07-30 22:01:44,472 - src.features - INFO - Adding feature interactions
2025-07-30 22:01:44,472 - src.features - INFO - Adding feature interactions
2025-07-30 22:01:44,480 - src.features - INFO - Added 6 feature interactions
2025-07-30 22:01:44,481 - src.features - INFO - Stored 134 feature columns in pipeline
2025-07-30 22:01:44,483 - src.features - WARNING - Columns with NaN values: {'close_lag_1': 1, 'close_lag_2': 2, 'close_lag_3': 3, 'close_lag_5': 5, 'volume_lag_1': 1, 'volume_lag_2': 2, 'volume_lag_3': 3, 'volume_lag_5': 5, 'high_lag_1': 1, 'high_lag_2': 2, 'high_lag_3': 3, 'high_lag_5': 5, 'low_lag_1': 1, 'low_lag_2': 2, 'low_lag_3': 3, 'low_lag_5': 5, 'open_lag_1': 1, 'open_lag_2': 2, 'open_lag_3': 3, 'open_lag_5': 5, 'rsi_lag_1': 1, 'rsi_lag_2': 2, 'rsi_lag_3': 3, 'rsi_lag_5': 5, 'macd_macd_lag_1': 1, 'macd_macd_lag_2': 2, 'macd_macd_lag_3': 3, 'macd_macd_lag_5': 5, 'bb_upper_lag_1': 1, 'bb_upper_lag_2': 2, 'bb_upper_lag_3': 3, 'bb_upper_lag_5': 5, 'bb_lower_lag_1': 1, 'bb_lower_lag_2': 2, 'bb_lower_lag_3': 3, 'bb_lower_lag_5': 5, 'stoch_k_percent_lag_1': 1, 'stoch_k_percent_lag_2': 2, 'stoch_k_percent_lag_3': 3, 'stoch_k_percent_lag_5': 5, 'atr_lag_1': 1, 'atr_lag_2': 2, 'atr_lag_3': 3, 'atr_lag_5': 5, 'close_zscore_20': 19, 'close_zscore_50': 49, 'close_zscore_100': 99, 'volume_zscore_20': 19, 'volume_zscore_50': 49, 'volume_zscore_100': 99, 'rsi_zscore_20': 2882, 'rsi_zscore_50': 2637, 'rsi_zscore_100': 2502, 'macd_macd_zscore_20': 19, 'macd_macd_zscore_50': 49, 'macd_macd_zscore_100': 99}
2025-07-30 22:01:44,515 - src.features - INFO - Remaining rows: 5000
2025-07-30 22:01:44,522 - src.features - INFO - Fitting feature pipeline on training data
2025-07-30 22:01:44,532 - src.features - INFO - Fitted scaler on 134 features
2025-07-30 22:01:44,532 - src.features - INFO - Transforming features
2025-07-30 22:01:44,537 - src.features - INFO - Transformed 134 features
2025-07-30 22:01:44,541 - src.features - INFO - Final feature matrix shape: (5000, 134)
2025-07-30 22:01:44,548 - src.labels - INFO - Constructing all labels
2025-07-30 22:01:44,548 - src.labels - INFO - Constructing classification labels for horizon 1
